<?xml version="1.0" encoding="UTF-8"?>
<testng-results skipped="0" failed="0" ignored="0" total="1" passed="1">
  <reporter-output>
  </reporter-output>
  <suite name="Default suite" duration-ms="5711" started-at="2018-09-04T08:52:05Z" finished-at="2018-09-04T08:52:11Z">
    <groups>
    </groups>
    <test name="Default test" duration-ms="5711" started-at="2018-09-04T08:52:05Z" finished-at="2018-09-04T08:52:11Z">
      <class name="com.clinical6.coreplatform.simpletest">
        <test-method status="PASS" signature="setup(java.lang.String)[pri:0, instance:com.clinical6.coreplatform.simpletest@604ed9f0]" name="setup" is-config="true" duration-ms="133" started-at="2018-09-04T16:52:05Z" finished-at="2018-09-04T16:52:06Z">
          <params>
            <param index="0">
              <value>
                <![CDATA[dev]]>
              </value>
            </param>
          </params>
          <reporter-output>
          </reporter-output>
        </test-method> <!-- setup -->
        <test-method status="PASS" signature="test1()[pri:0, instance:com.clinical6.coreplatform.simpletest@604ed9f0]" name="test1" duration-ms="5527" started-at="2018-09-04T16:52:06Z" finished-at="2018-09-04T16:52:11Z">
          <reporter-output>
          </reporter-output>
        </test-method> <!-- test1 -->
        <test-method status="PASS" signature="teardown()[pri:0, instance:com.clinical6.coreplatform.simpletest@604ed9f0]" name="teardown" is-config="true" duration-ms="0" started-at="2018-09-04T16:52:11Z" finished-at="2018-09-04T16:52:11Z">
          <reporter-output>
          </reporter-output>
        </test-method> <!-- teardown -->
      </class> <!-- com.clinical6.coreplatform.simpletest -->
    </test> <!-- Default test -->
  </suite> <!-- Default suite -->
</testng-results>
